{
  "stats": {
    "suites": 1,
    "tests": 10,
    "passes": 1,
    "pending": 9,
    "failures": 0,
    "start": "2025-05-15T02:40:17.614Z",
    "end": "2025-05-15T02:41:24.108Z",
    "duration": 66494,
    "testsRegistered": 10,
    "passPercent": 100,
    "pendingPercent": 90,
    "other": 0,
    "hasOther": false,
    "skipped": 0,
    "hasSkipped": false
  },
  "results": [
    {
      "uuid": "695ee2f0-b238-4751-92c3-a13cafc7a91e",
      "title": "",
      "fullFile": "cypress\\e2e\\Inytes\\Create_Invitation.feature",
      "file": "cypress\\e2e\\Inytes\\Create_Invitation.feature",
      "beforeHooks": [],
      "afterHooks": [],
      "tests": [],
      "suites": [
        {
          "uuid": "140d2cf9-6fea-47ea-a9ad-0b34743d5ea2",
          "title": "Create Invitation",
          "fullFile": "",
          "file": "",
          "beforeHooks": [],
          "afterHooks": [],
          "tests": [
            {
              "title": "Create the Invitation by locating the address with Indian address",
              "fullTitle": "Create Invitation Create the Invitation by locating the address with Indian address",
              "timedOut": null,
              "duration": 45422,
              "state": "passed",
              "speed": "slow",
              "pass": true,
              "fail": false,
              "pending": false,
              "context": null,
              "code": "const state = window.testState;\nreturn cy\n  .then(() => state.onStartScenario(scenario, indexedSteps))\n  .then(() =>\n    resolveAndRunBeforeHooks.call(this, scenario.tags, state.feature.name)\n  )\n  .then(() =>\n    indexedSteps.forEach((step) =>\n      stepTest.call(this, state, step, rowData)\n    )\n  )\n  .then(() => state.onFinishScenario(scenario));",
              "err": {},
              "uuid": "8bff79f1-473e-47a2-b162-af554783eff6",
              "parentUUID": "140d2cf9-6fea-47ea-a9ad-0b34743d5ea2",
              "isHook": false,
              "skipped": false
            },
            {
              "title": "Create the Invitation by locating the address with US address",
              "fullTitle": "Create Invitation Create the Invitation by locating the address with US address",
              "timedOut": null,
              "duration": 2212,
              "state": "pending",
              "speed": null,
              "pass": false,
              "fail": false,
              "pending": true,
              "context": null,
              "code": "// register this scenario with the cucumber data collector\n// but don't run it\n// Tell mocha this is a skipped test so it also shows correctly in Cypress\nconst state = window.testState;\ncy.then(() => state.onStartScenario(scenario, indexedSteps))\n  .then(() => state.onFinishScenario(scenario))\n  // eslint-disable-next-line func-names\n  .then(function () {\n    return this.skip();\n  });",
              "err": {},
              "uuid": "7857a252-cc6a-40f5-ab4d-127b1e1d7b13",
              "parentUUID": "140d2cf9-6fea-47ea-a9ad-0b34743d5ea2",
              "isHook": false,
              "skipped": false
            },
            {
              "title": "Create the Invitation with Indian address Manually",
              "fullTitle": "Create Invitation Create the Invitation with Indian address Manually",
              "timedOut": null,
              "duration": 1627,
              "state": "pending",
              "speed": null,
              "pass": false,
              "fail": false,
              "pending": true,
              "context": null,
              "code": "// register this scenario with the cucumber data collector\n// but don't run it\n// Tell mocha this is a skipped test so it also shows correctly in Cypress\nconst state = window.testState;\ncy.then(() => state.onStartScenario(scenario, indexedSteps))\n  .then(() => state.onFinishScenario(scenario))\n  // eslint-disable-next-line func-names\n  .then(function () {\n    return this.skip();\n  });",
              "err": {},
              "uuid": "7a3bfcd2-d2da-4885-8af3-8084d53ac8b5",
              "parentUUID": "140d2cf9-6fea-47ea-a9ad-0b34743d5ea2",
              "isHook": false,
              "skipped": false
            },
            {
              "title": "Create the Invitation with US address Manually",
              "fullTitle": "Create Invitation Create the Invitation with US address Manually",
              "timedOut": null,
              "duration": 1798,
              "state": "pending",
              "speed": null,
              "pass": false,
              "fail": false,
              "pending": true,
              "context": null,
              "code": "// register this scenario with the cucumber data collector\n// but don't run it\n// Tell mocha this is a skipped test so it also shows correctly in Cypress\nconst state = window.testState;\ncy.then(() => state.onStartScenario(scenario, indexedSteps))\n  .then(() => state.onFinishScenario(scenario))\n  // eslint-disable-next-line func-names\n  .then(function () {\n    return this.skip();\n  });",
              "err": {},
              "uuid": "c6c0f895-43a9-440b-8b10-5a9b2eb8b16f",
              "parentUUID": "140d2cf9-6fea-47ea-a9ad-0b34743d5ea2",
              "isHook": false,
              "skipped": false
            },
            {
              "title": "Create the Invitation by selecting all the radio buttons",
              "fullTitle": "Create Invitation Create the Invitation by selecting all the radio buttons",
              "timedOut": null,
              "duration": 1892,
              "state": "pending",
              "speed": null,
              "pass": false,
              "fail": false,
              "pending": true,
              "context": null,
              "code": "// register this scenario with the cucumber data collector\n// but don't run it\n// Tell mocha this is a skipped test so it also shows correctly in Cypress\nconst state = window.testState;\ncy.then(() => state.onStartScenario(scenario, indexedSteps))\n  .then(() => state.onFinishScenario(scenario))\n  // eslint-disable-next-line func-names\n  .then(function () {\n    return this.skip();\n  });",
              "err": {},
              "uuid": "814ceb56-87e1-4277-9d1e-ebb415e0ae29",
              "parentUUID": "140d2cf9-6fea-47ea-a9ad-0b34743d5ea2",
              "isHook": false,
              "skipped": false
            },
            {
              "title": "Create the Invitation by unselecting all the radio buttons",
              "fullTitle": "Create Invitation Create the Invitation by unselecting all the radio buttons",
              "timedOut": null,
              "duration": 1510,
              "state": "pending",
              "speed": null,
              "pass": false,
              "fail": false,
              "pending": true,
              "context": null,
              "code": "// register this scenario with the cucumber data collector\n// but don't run it\n// Tell mocha this is a skipped test so it also shows correctly in Cypress\nconst state = window.testState;\ncy.then(() => state.onStartScenario(scenario, indexedSteps))\n  .then(() => state.onFinishScenario(scenario))\n  // eslint-disable-next-line func-names\n  .then(function () {\n    return this.skip();\n  });",
              "err": {},
              "uuid": "41153327-96f2-4d5d-bfbb-98f0e063cfdc",
              "parentUUID": "140d2cf9-6fea-47ea-a9ad-0b34743d5ea2",
              "isHook": false,
              "skipped": false
            },
            {
              "title": "User should not able to Create the Invitation without providing any data in the all the fields",
              "fullTitle": "Create Invitation User should not able to Create the Invitation without providing any data in the all the fields",
              "timedOut": null,
              "duration": 1624,
              "state": "pending",
              "speed": null,
              "pass": false,
              "fail": false,
              "pending": true,
              "context": null,
              "code": "// register this scenario with the cucumber data collector\n// but don't run it\n// Tell mocha this is a skipped test so it also shows correctly in Cypress\nconst state = window.testState;\ncy.then(() => state.onStartScenario(scenario, indexedSteps))\n  .then(() => state.onFinishScenario(scenario))\n  // eslint-disable-next-line func-names\n  .then(function () {\n    return this.skip();\n  });",
              "err": {},
              "uuid": "52d84d4c-3f2a-4d51-859f-f41ca428649b",
              "parentUUID": "140d2cf9-6fea-47ea-a9ad-0b34743d5ea2",
              "isHook": false,
              "skipped": false
            },
            {
              "title": "User should not able to Create the Invitation without providing all the data in the fields of Add address manually",
              "fullTitle": "Create Invitation User should not able to Create the Invitation without providing all the data in the fields of Add address manually",
              "timedOut": null,
              "duration": 1502,
              "state": "pending",
              "speed": null,
              "pass": false,
              "fail": false,
              "pending": true,
              "context": null,
              "code": "// register this scenario with the cucumber data collector\n// but don't run it\n// Tell mocha this is a skipped test so it also shows correctly in Cypress\nconst state = window.testState;\ncy.then(() => state.onStartScenario(scenario, indexedSteps))\n  .then(() => state.onFinishScenario(scenario))\n  // eslint-disable-next-line func-names\n  .then(function () {\n    return this.skip();\n  });",
              "err": {},
              "uuid": "0e0f7aa2-5a56-4eeb-9c43-5621133cb033",
              "parentUUID": "140d2cf9-6fea-47ea-a9ad-0b34743d5ea2",
              "isHook": false,
              "skipped": false
            },
            {
              "title": "User should not able to Create the Invitation without providing address",
              "fullTitle": "Create Invitation User should not able to Create the Invitation without providing address",
              "timedOut": null,
              "duration": 1824,
              "state": "pending",
              "speed": null,
              "pass": false,
              "fail": false,
              "pending": true,
              "context": null,
              "code": "// register this scenario with the cucumber data collector\n// but don't run it\n// Tell mocha this is a skipped test so it also shows correctly in Cypress\nconst state = window.testState;\ncy.then(() => state.onStartScenario(scenario, indexedSteps))\n  .then(() => state.onFinishScenario(scenario))\n  // eslint-disable-next-line func-names\n  .then(function () {\n    return this.skip();\n  });",
              "err": {},
              "uuid": "69be344d-7645-4c92-b3df-740363900e11",
              "parentUUID": "140d2cf9-6fea-47ea-a9ad-0b34743d5ea2",
              "isHook": false,
              "skipped": false
            },
            {
              "title": "Create the Invitation with personalize Event card.",
              "fullTitle": "Create Invitation Create the Invitation with personalize Event card.",
              "timedOut": null,
              "duration": 1588,
              "state": "pending",
              "speed": null,
              "pass": false,
              "fail": false,
              "pending": true,
              "context": null,
              "code": "// register this scenario with the cucumber data collector\n// but don't run it\n// Tell mocha this is a skipped test so it also shows correctly in Cypress\nconst state = window.testState;\ncy.then(() => state.onStartScenario(scenario, indexedSteps))\n  .then(() => state.onFinishScenario(scenario))\n  // eslint-disable-next-line func-names\n  .then(function () {\n    return this.skip();\n  });",
              "err": {},
              "uuid": "42badc88-d4dc-4d50-b3d1-247d58e3c3d1",
              "parentUUID": "140d2cf9-6fea-47ea-a9ad-0b34743d5ea2",
              "isHook": false,
              "skipped": false
            }
          ],
          "suites": [],
          "passes": [
            "8bff79f1-473e-47a2-b162-af554783eff6"
          ],
          "failures": [],
          "pending": [
            "7857a252-cc6a-40f5-ab4d-127b1e1d7b13",
            "7a3bfcd2-d2da-4885-8af3-8084d53ac8b5",
            "c6c0f895-43a9-440b-8b10-5a9b2eb8b16f",
            "814ceb56-87e1-4277-9d1e-ebb415e0ae29",
            "41153327-96f2-4d5d-bfbb-98f0e063cfdc",
            "52d84d4c-3f2a-4d51-859f-f41ca428649b",
            "0e0f7aa2-5a56-4eeb-9c43-5621133cb033",
            "69be344d-7645-4c92-b3df-740363900e11",
            "42badc88-d4dc-4d50-b3d1-247d58e3c3d1"
          ],
          "skipped": [],
          "duration": 60999,
          "root": false,
          "rootEmpty": false,
          "_timeout": 2000
        }
      ],
      "passes": [],
      "failures": [],
      "pending": [],
      "skipped": [],
      "duration": 0,
      "root": true,
      "rootEmpty": true,
      "_timeout": 2000
    }
  ],
  "meta": {
    "mocha": {
      "version": "7.0.1"
    },
    "mochawesome": {
      "options": {
        "quiet": false,
        "reportFilename": "mochawesome",
        "saveHtml": false,
        "saveJson": true,
        "consoleReporter": "spec",
        "useInlineDiffs": false,
        "code": true
      },
      "version": "7.1.3"
    },
    "marge": {
      "options": {
        "reportDir": "cypress\\reports\\.jsons",
        "overwrite": false,
        "html": false,
        "json": true
      },
      "version": "6.2.0"
    }
  }
}