{
  "stats": {
    "suites": 1,
    "tests": 2,
    "passes": 1,
    "pending": 1,
    "failures": 0,
    "start": "2025-05-15T02:39:29.800Z",
    "end": "2025-05-15T02:40:11.380Z",
    "duration": 41580,
    "testsRegistered": 2,
    "passPercent": 100,
    "pendingPercent": 50,
    "other": 0,
    "hasOther": false,
    "skipped": 0,
    "hasSkipped": false
  },
  "results": [
    {
      "uuid": "e7a4d0e2-ec31-470a-94ff-2a80a20a39b0",
      "title": "",
      "fullFile": "cypress\\e2e\\Inytes\\Add_Guests.feature",
      "file": "cypress\\e2e\\Inytes\\Add_Guests.feature",
      "beforeHooks": [],
      "afterHooks": [],
      "tests": [],
      "suites": [
        {
          "uuid": "4011fc1b-fd34-4902-99bc-f339c8d85785",
          "title": "Add Guests in Add Guest tab",
          "fullFile": "",
          "file": "",
          "beforeHooks": [],
          "afterHooks": [],
          "tests": [
            {
              "title": "User should able to navigate to Add Guest tab page.",
              "fullTitle": "Add Guests in Add Guest tab User should able to navigate to Add Guest tab page.",
              "timedOut": null,
              "duration": 10214,
              "state": "pending",
              "speed": null,
              "pass": false,
              "fail": false,
              "pending": true,
              "context": null,
              "code": "// register this scenario with the cucumber data collector\n// but don't run it\n// Tell mocha this is a skipped test so it also shows correctly in Cypress\nconst state = window.testState;\ncy.then(() => state.onStartScenario(scenario, indexedSteps))\n  .then(() => state.onFinishScenario(scenario))\n  // eslint-disable-next-line func-names\n  .then(function () {\n    return this.skip();\n  });",
              "err": {},
              "uuid": "4ce8908f-a3f4-4b4e-9b8e-f6433c43b705",
              "parentUUID": "4011fc1b-fd34-4902-99bc-f339c8d85785",
              "isHook": false,
              "skipped": false
            },
            {
              "title": "Send invite to 2 Guests for Non premium Cards.",
              "fullTitle": "Add Guests in Add Guest tab Send invite to 2 Guests for Non premium Cards.",
              "timedOut": null,
              "duration": 25912,
              "state": "passed",
              "speed": "slow",
              "pass": true,
              "fail": false,
              "pending": false,
              "context": null,
              "code": "const state = window.testState;\nreturn cy\n  .then(() => state.onStartScenario(scenario, indexedSteps))\n  .then(() =>\n    resolveAndRunBeforeHooks.call(this, scenario.tags, state.feature.name)\n  )\n  .then(() =>\n    indexedSteps.forEach((step) =>\n      stepTest.call(this, state, step, rowData)\n    )\n  )\n  .then(() => state.onFinishScenario(scenario));",
              "err": {},
              "uuid": "7e07961b-2766-420b-85ae-f277dbadf41a",
              "parentUUID": "4011fc1b-fd34-4902-99bc-f339c8d85785",
              "isHook": false,
              "skipped": false
            }
          ],
          "suites": [],
          "passes": [
            "7e07961b-2766-420b-85ae-f277dbadf41a"
          ],
          "failures": [],
          "pending": [
            "4ce8908f-a3f4-4b4e-9b8e-f6433c43b705"
          ],
          "skipped": [],
          "duration": 36126,
          "root": false,
          "rootEmpty": false,
          "_timeout": 2000
        }
      ],
      "passes": [],
      "failures": [],
      "pending": [],
      "skipped": [],
      "duration": 0,
      "root": true,
      "rootEmpty": true,
      "_timeout": 2000
    }
  ],
  "meta": {
    "mocha": {
      "version": "7.0.1"
    },
    "mochawesome": {
      "options": {
        "quiet": false,
        "reportFilename": "mochawesome",
        "saveHtml": false,
        "saveJson": true,
        "consoleReporter": "spec",
        "useInlineDiffs": false,
        "code": true
      },
      "version": "7.1.3"
    },
    "marge": {
      "options": {
        "reportDir": "cypress\\reports\\.jsons",
        "overwrite": false,
        "html": false,
        "json": true
      },
      "version": "6.2.0"
    }
  }
}